<?xml version="1.0" encoding="UTF-8"?>
<testng-results skipped="0" failed="0" ignored="0" total="1" passed="1">
  <reporter-output>
  </reporter-output>
  <suite name="Default suite" duration-ms="98139" started-at="2020-01-20T10:42:20Z" finished-at="2020-01-20T10:43:58Z">
    <groups>
    </groups>
    <test name="Default test" duration-ms="98139" started-at="2020-01-20T10:42:20Z" finished-at="2020-01-20T10:43:58Z">
      <class name="tests.Baseclass">
        <test-method status="PASS" signature="Setup()[pri:0, instance:tests.Baseclass@42dafa95]" name="Setup" is-config="true" duration-ms="314" started-at="2020-01-20T10:42:19Z" finished-at="2020-01-20T10:42:20Z">
          <reporter-output>
          </reporter-output>
        </test-method> <!-- Setup -->
        <test-method status="PASS" signature="setup()[pri:0, instance:tests.Baseclass@42dafa95]" name="setup" is-config="true" duration-ms="98072" started-at="2020-01-20T10:42:20Z" finished-at="2020-01-20T10:43:58Z">
          <reporter-output>
          </reporter-output>
        </test-method> <!-- setup -->
        <test-method status="PASS" signature="sampletest()[pri:0, instance:tests.Baseclass@42dafa95]" name="sampletest" duration-ms="32" started-at="2020-01-20T10:43:58Z" finished-at="2020-01-20T10:43:58Z">
          <reporter-output>
          </reporter-output>
        </test-method> <!-- sampletest -->
        <test-method status="PASS" signature="teardown()[pri:0, instance:tests.Baseclass@42dafa95]" name="teardown" is-config="true" duration-ms="0" started-at="2020-01-20T10:43:58Z" finished-at="2020-01-20T10:43:58Z">
          <reporter-output>
          </reporter-output>
        </test-method> <!-- teardown -->
        <test-method status="PASS" signature="reportTeardown()[pri:0, instance:tests.Baseclass@42dafa95]" name="reportTeardown" is-config="true" duration-ms="590" started-at="2020-01-20T10:43:58Z" finished-at="2020-01-20T10:43:58Z">
          <reporter-output>
          </reporter-output>
        </test-method> <!-- reportTeardown -->
      </class> <!-- tests.Baseclass -->
    </test> <!-- Default test -->
  </suite> <!-- Default suite -->
</testng-results>
